# JRE version: OpenJDK Runtime Environment (17.0.11) (build 17.0.11+0--11852314)
# Java VM: OpenJDK 64-Bit Server VM (17.0.11+0--11852314, mixed mode, tiered, compressed oops, compressed class ptrs, g1 gc, windows-amd64)
GC Precious Log:
 CPUs: 4 total, 4 available
 Memory: 3986M
 Large Page Support: Disabled
 NUMA Support: Disabled
 Compressed Oops: Enabled (32-bit)
 Heap Region Size: 1M
 Heap Min Capacity: 8M
 Heap Initial Capacity: 64M
 Heap Max Capacity: 2G
 Pre-touch: Disabled
 Parallel Workers: 4
 Concurrent Workers: 1
 Concurrent Refinement Workers: 4
 Periodic GC: Disabled
Heap:
 garbage-first heap   total 567296K, used 400384K [0x0000000080000000, 0x0000000100000000)
  region size 1024K, 4 young (4096K), 4 survivors (4096K)
 Metaspace       used 128769K, committed 129856K, reserved 1179648K
  class space    used 17136K, committed 17664K, reserved 1048576K
GC Heap History (20 events):
Event: 99.354 GC heap after
{Heap after GC invocations=51 (full 0):
 garbage-first heap   total 509952K, used 156502K [0x0000000080000000, 0x0000000100000000)
  region size 1024K, 6 young (6144K), 6 survivors (6144K)
 Metaspace       used 121072K, committed 122112K, reserved 1179648K
  class space    used 16199K, committed 16768K, reserved 1048576K
}
Event: 104.463 GC heap before
{Heap before GC invocations=51 (full 0):
 garbage-first heap   total 509952K, used 194390K [0x0000000080000000, 0x0000000100000000)
  region size 1024K, 44 young (45056K), 6 survivors (6144K)
 Metaspace       used 121331K, committed 122368K, reserved 1179648K
  class space    used 16222K, committed 16768K, reserved 1048576K
}
Event: 104.587 GC heap after
{Heap after GC invocations=52 (full 0):
 garbage-first heap   total 509952K, used 163840K [0x0000000080000000, 0x0000000100000000)
  region size 1024K, 6 young (6144K), 6 survivors (6144K)
 Metaspace       used 121331K, committed 122368K, reserved 1179648K
  class space    used 16222K, committed 16768K, reserved 1048576K
}
Event: 107.252 GC heap before
{Heap before GC invocations=52 (full 0):
 garbage-first heap   total 509952K, used 217088K [0x0000000080000000, 0x0000000100000000)
  region size 1024K, 44 young (45056K), 6 survivors (6144K)
 Metaspace       used 121423K, committed 122496K, reserved 1179648K
  class space    used 16231K, committed 16768K, reserved 1048576K
}
Event: 107.418 GC heap after
{Heap after GC invocations=53 (full 0):
 garbage-first heap   total 509952K, used 165460K [0x0000000080000000, 0x0000000100000000)
  region size 1024K, 4 young (4096K), 4 survivors (4096K)
 Metaspace       used 121423K, committed 122496K, reserved 1179648K
  class space    used 16231K, committed 16768K, reserved 1048576K
}
Event: 112.655 GC heap before
{Heap before GC invocations=53 (full 0):
 garbage-first heap   total 509952K, used 179796K [0x0000000080000000, 0x0000000100000000)
  region size 1024K, 15 young (15360K), 4 survivors (4096K)
 Metaspace       used 121744K, committed 122816K, reserved 1179648K
  class space    used 16261K, committed 16832K, reserved 1048576K
}
Event: 113.066 GC heap after
{Heap after GC invocations=54 (full 0):
 garbage-first heap   total 509952K, used 170867K [0x0000000080000000, 0x0000000100000000)
  region size 1024K, 5 young (5120K), 5 survivors (5120K)
 Metaspace       used 121744K, committed 122816K, reserved 1179648K
  class space    used 16261K, committed 16832K, reserved 1048576K
}
Event: 117.435 GC heap before
{Heap before GC invocations=55 (full 0):
 garbage-first heap   total 510976K, used 348019K [0x0000000080000000, 0x0000000100000000)
  region size 1024K, 117 young (119808K), 5 survivors (5120K)
 Metaspace       used 125282K, committed 126400K, reserved 1179648K
  class space    used 16611K, committed 17152K, reserved 1048576K
}
Event: 117.491 GC heap after
{Heap after GC invocations=56 (full 0):
 garbage-first heap   total 510976K, used 244980K [0x0000000080000000, 0x0000000100000000)
  region size 1024K, 15 young (15360K), 15 survivors (15360K)
 Metaspace       used 125282K, committed 126400K, reserved 1179648K
  class space    used 16611K, committed 17152K, reserved 1048576K
}
Event: 119.836 GC heap before
{Heap before GC invocations=56 (full 0):
 garbage-first heap   total 510976K, used 255220K [0x0000000080000000, 0x0000000100000000)
  region size 1024K, 24 young (24576K), 15 survivors (15360K)
 Metaspace       used 125984K, committed 127104K, reserved 1179648K
  class space    used 16718K, committed 17280K, reserved 1048576K
}
Event: 119.868 GC heap after
{Heap after GC invocations=57 (full 0):
 garbage-first heap   total 510976K, used 240065K [0x0000000080000000, 0x0000000100000000)
  region size 1024K, 1 young (1024K), 1 survivors (1024K)
 Metaspace       used 125984K, committed 127104K, reserved 1179648K
  class space    used 16718K, committed 17280K, reserved 1048576K
}
Event: 123.895 GC heap before
{Heap before GC invocations=57 (full 0):
 garbage-first heap   total 510976K, used 491969K [0x0000000080000000, 0x0000000100000000)
  region size 1024K, 71 young (72704K), 1 survivors (1024K)
 Metaspace       used 128738K, committed 129792K, reserved 1179648K
  class space    used 17135K, committed 17664K, reserved 1048576K
}
Event: 123.918 GC heap after
{Heap after GC invocations=58 (full 0):
 garbage-first heap   total 512000K, used 331881K [0x0000000080000000, 0x0000000100000000)
  region size 1024K, 17 young (17408K), 17 survivors (17408K)
 Metaspace       used 128738K, committed 129792K, reserved 1179648K
  class space    used 17135K, committed 17664K, reserved 1048576K
}
Event: 126.913 GC heap before
{Heap before GC invocations=59 (full 0):
 garbage-first heap   total 567296K, used 417897K [0x0000000080000000, 0x0000000100000000)
  region size 1024K, 101 young (103424K), 17 survivors (17408K)
 Metaspace       used 128759K, committed 129792K, reserved 1179648K
  class space    used 17136K, committed 17664K, reserved 1048576K
}
Event: 127.004 GC heap after
{Heap after GC invocations=60 (full 0):
 garbage-first heap   total 567296K, used 363266K [0x0000000080000000, 0x0000000100000000)
  region size 1024K, 13 young (13312K), 13 survivors (13312K)
 Metaspace       used 128759K, committed 129792K, reserved 1179648K
  class space    used 17136K, committed 17664K, reserved 1048576K
}
Event: 127.054 GC heap before
{Heap before GC invocations=60 (full 0):
 garbage-first heap   total 567296K, used 377602K [0x0000000080000000, 0x0000000100000000)
  region size 1024K, 27 young (27648K), 13 survivors (13312K)
 Metaspace       used 128759K, committed 129792K, reserved 1179648K
  class space    used 17136K, committed 17664K, reserved 1048576K
}
Event: 127.096 GC heap after
{Heap after GC invocations=61 (full 0):
 garbage-first heap   total 567296K, used 360448K [0x0000000080000000, 0x0000000100000000)
  region size 1024K, 4 young (4096K), 4 survivors (4096K)
 Metaspace       used 128759K, committed 129792K, reserved 1179648K
  class space    used 17136K, committed 17664K, reserved 1048576K
}
Event: 127.623 GC heap before
{Heap before GC invocations=61 (full 0):
 garbage-first heap   total 567296K, used 441344K [0x0000000080000000, 0x0000000100000000)
  region size 1024K, 72 young (73728K), 4 survivors (4096K)
 Metaspace       used 128768K, committed 129792K, reserved 1179648K
  class space    used 17136K, committed 17664K, reserved 1048576K
}
Event: 128.312 GC heap after
{Heap after GC invocations=62 (full 0):
 garbage-first heap   total 567296K, used 391680K [0x0000000080000000, 0x0000000100000000)
  region size 1024K, 9 young (9216K), 9 survivors (9216K)
 Metaspace       used 128768K, committed 129792K, reserved 1179648K
  class space    used 17136K, committed 17664K, reserved 1048576K
}
Event: 128.741 GC heap before
{Heap before GC invocations=62 (full 0):
 garbage-first heap   total 567296K, used 410112K [0x0000000080000000, 0x0000000100000000)
  region size 1024K, 27 young (27648K), 9 survivors (9216K)
 Metaspace       used 128769K, committed 129856K, reserved 1179648K
  class space    used 17136K, committed 17664K, reserved 1048576K
}

