# JRE version: OpenJDK Runtime Environment (17.0.11) (build 17.0.11+0--11852314)
# Java VM: OpenJDK 64-Bit Server VM (17.0.11+0--11852314, mixed mode, tiered, compressed oops, compressed class ptrs, g1 gc, windows-amd64)
GC Precious Log:
 CPUs: 4 total, 4 available
 Memory: 3986M
 Large Page Support: Disabled
 NUMA Support: Disabled
 Compressed Oops: Enabled (32-bit)
 Heap Region Size: 1M
 Heap Min Capacity: 8M
 Heap Initial Capacity: 64M
 Heap Max Capacity: 998M
 Pre-touch: Disabled
 Parallel Workers: 4
 Concurrent Workers: 1
 Concurrent Refinement Workers: 4
 Periodic GC: Disabled
Heap:
 garbage-first heap   total 208896K, used 151080K [0x00000000c1a00000, 0x0000000100000000)
  region size 1024K, 31 young (31744K), 1 survivors (1024K)
 Metaspace       used 85373K, committed 85696K, reserved 1179648K
  class space    used 9055K, committed 9216K, reserved 1048576K
GC Heap History (20 events):
Event: 40.365 GC heap before
{Heap before GC invocations=39 (full 0):
 garbage-first heap   total 174080K, used 101435K [0x00000000c1a00000, 0x0000000100000000)
  region size 1024K, 8 young (8192K), 7 survivors (7168K)
 Metaspace       used 57411K, committed 57728K, reserved 1114112K
  class space    used 6394K, committed 6528K, reserved 1048576K
}
Event: 40.383 GC heap after
{Heap after GC invocations=40 (full 0):
 garbage-first heap   total 174080K, used 101376K [0x00000000c1a00000, 0x0000000100000000)
  region size 1024K, 1 young (1024K), 1 survivors (1024K)
 Metaspace       used 57411K, committed 57728K, reserved 1114112K
  class space    used 6394K, committed 6528K, reserved 1048576K
}
Event: 41.379 GC heap before
{Heap before GC invocations=40 (full 0):
 garbage-first heap   total 174080K, used 109568K [0x00000000c1a00000, 0x0000000100000000)
  region size 1024K, 10 young (10240K), 1 survivors (1024K)
 Metaspace       used 57689K, committed 58048K, reserved 1114112K
  class space    used 6420K, committed 6592K, reserved 1048576K
}
Event: 41.383 GC heap after
{Heap after GC invocations=41 (full 0):
 garbage-first heap   total 174080K, used 102039K [0x00000000c1a00000, 0x0000000100000000)
  region size 1024K, 2 young (2048K), 2 survivors (2048K)
 Metaspace       used 57689K, committed 58048K, reserved 1114112K
  class space    used 6420K, committed 6592K, reserved 1048576K
}
Event: 44.050 GC heap before
{Heap before GC invocations=42 (full 0):
 garbage-first heap   total 189440K, used 141975K [0x00000000c1a00000, 0x0000000100000000)
  region size 1024K, 40 young (40960K), 2 survivors (2048K)
 Metaspace       used 60863K, committed 61120K, reserved 1114112K
  class space    used 6723K, committed 6848K, reserved 1048576K
}
Event: 44.064 GC heap after
{Heap after GC invocations=43 (full 0):
 garbage-first heap   total 189440K, used 106483K [0x00000000c1a00000, 0x0000000100000000)
  region size 1024K, 5 young (5120K), 5 survivors (5120K)
 Metaspace       used 60863K, committed 61120K, reserved 1114112K
  class space    used 6723K, committed 6848K, reserved 1048576K
}
Event: 44.311 GC heap before
{Heap before GC invocations=43 (full 0):
 garbage-first heap   total 189440K, used 109555K [0x00000000c1a00000, 0x0000000100000000)
  region size 1024K, 9 young (9216K), 5 survivors (5120K)
 Metaspace       used 61683K, committed 61952K, reserved 1114112K
  class space    used 6816K, committed 6976K, reserved 1048576K
}
Event: 44.321 GC heap after
{Heap after GC invocations=44 (full 0):
 garbage-first heap   total 189440K, used 105934K [0x00000000c1a00000, 0x0000000100000000)
  region size 1024K, 1 young (1024K), 1 survivors (1024K)
 Metaspace       used 61683K, committed 61952K, reserved 1114112K
  class space    used 6816K, committed 6976K, reserved 1048576K
}
Event: 47.216 GC heap before
{Heap before GC invocations=44 (full 0):
 garbage-first heap   total 189440K, used 152014K [0x00000000c1a00000, 0x0000000100000000)
  region size 1024K, 46 young (47104K), 1 survivors (1024K)
 Metaspace       used 66845K, committed 67072K, reserved 1114112K
  class space    used 7247K, committed 7360K, reserved 1048576K
}
Event: 47.227 GC heap after
{Heap after GC invocations=45 (full 0):
 garbage-first heap   total 189440K, used 110972K [0x00000000c1a00000, 0x0000000100000000)
  region size 1024K, 6 young (6144K), 6 survivors (6144K)
 Metaspace       used 66845K, committed 67072K, reserved 1114112K
  class space    used 7247K, committed 7360K, reserved 1048576K
}
Event: 49.106 GC heap before
{Heap before GC invocations=46 (full 0):
 garbage-first heap   total 194560K, used 153980K [0x00000000c1a00000, 0x0000000100000000)
  region size 1024K, 48 young (49152K), 6 survivors (6144K)
 Metaspace       used 73516K, committed 73792K, reserved 1179648K
  class space    used 7879K, committed 8064K, reserved 1048576K
}
Event: 49.150 GC heap after
{Heap after GC invocations=47 (full 0):
 garbage-first heap   total 194560K, used 113263K [0x00000000c1a00000, 0x0000000100000000)
  region size 1024K, 3 young (3072K), 3 survivors (3072K)
 Metaspace       used 73516K, committed 73792K, reserved 1179648K
  class space    used 7879K, committed 8064K, reserved 1048576K
}
Event: 49.315 GC heap before
{Heap before GC invocations=47 (full 0):
 garbage-first heap   total 194560K, used 119407K [0x00000000c1a00000, 0x0000000100000000)
  region size 1024K, 9 young (9216K), 3 survivors (3072K)
 Metaspace       used 73632K, committed 73920K, reserved 1179648K
  class space    used 7884K, committed 8064K, reserved 1048576K
}
Event: 49.351 GC heap after
{Heap after GC invocations=48 (full 0):
 garbage-first heap   total 194560K, used 112333K [0x00000000c1a00000, 0x0000000100000000)
  region size 1024K, 1 young (1024K), 1 survivors (1024K)
 Metaspace       used 73632K, committed 73920K, reserved 1179648K
  class space    used 7884K, committed 8064K, reserved 1048576K
}
Event: 50.909 GC heap before
{Heap before GC invocations=48 (full 0):
 garbage-first heap   total 194560K, used 159437K [0x00000000c1a00000, 0x0000000100000000)
  region size 1024K, 47 young (48128K), 1 survivors (1024K)
 Metaspace       used 76208K, committed 76480K, reserved 1179648K
  class space    used 8050K, committed 8192K, reserved 1048576K
}
Event: 50.922 GC heap after
{Heap after GC invocations=49 (full 0):
 garbage-first heap   total 194560K, used 116052K [0x00000000c1a00000, 0x0000000100000000)
  region size 1024K, 5 young (5120K), 5 survivors (5120K)
 Metaspace       used 76208K, committed 76480K, reserved 1179648K
  class space    used 8050K, committed 8192K, reserved 1048576K
}
Event: 52.694 GC heap before
{Heap before GC invocations=50 (full 0):
 garbage-first heap   total 208896K, used 160084K [0x00000000c1a00000, 0x0000000100000000)
  region size 1024K, 48 young (49152K), 5 survivors (5120K)
 Metaspace       used 77885K, committed 78144K, reserved 1179648K
  class space    used 8154K, committed 8320K, reserved 1048576K
}
Event: 52.723 GC heap after
{Heap after GC invocations=51 (full 0):
 garbage-first heap   total 208896K, used 120245K [0x00000000c1a00000, 0x0000000100000000)
  region size 1024K, 5 young (5120K), 5 survivors (5120K)
 Metaspace       used 77885K, committed 78144K, reserved 1179648K
  class space    used 8154K, committed 8320K, reserved 1048576K
}
Event: 53.290 GC heap before
{Heap before GC invocations=51 (full 0):
 garbage-first heap   total 208896K, used 124341K [0x00000000c1a00000, 0x0000000100000000)
  region size 1024K, 10 young (10240K), 5 survivors (5120K)
 Metaspace       used 78905K, committed 79168K, reserved 1179648K
  class space    used 8281K, committed 8384K, reserved 1048576K
}
Event: 53.305 GC heap after
{Heap after GC invocations=52 (full 0):
 garbage-first heap   total 208896K, used 120360K [0x00000000c1a00000, 0x0000000100000000)
  region size 1024K, 1 young (1024K), 1 survivors (1024K)
 Metaspace       used 78905K, committed 79168K, reserved 1179648K
  class space    used 8281K, committed 8384K, reserved 1048576K
}

