# JRE version: OpenJDK Runtime Environment (17.0.11) (build 17.0.11+0--11852314)
# Java VM: OpenJDK 64-Bit Server VM (17.0.11+0--11852314, mixed mode, tiered, compressed oops, compressed class ptrs, g1 gc, windows-amd64)
GC Precious Log:
 CPUs: 4 total, 4 available
 Memory: 3986M
 Large Page Support: Disabled
 NUMA Support: Disabled
 Compressed Oops: Enabled (32-bit)
 Heap Region Size: 1M
 Heap Min Capacity: 8M
 Heap Initial Capacity: 64M
 Heap Max Capacity: 2G
 Pre-touch: Disabled
 Parallel Workers: 4
 Concurrent Workers: 1
 Concurrent Refinement Workers: 4
 Periodic GC: Disabled
Heap:
 garbage-first heap   total 304128K, used 159363K [0x0000000080000000, 0x0000000100000000)
  region size 1024K, 5 young (5120K), 5 survivors (5120K)
 Metaspace       used 130111K, committed 131200K, reserved 1179648K
  class space    used 17825K, committed 18432K, reserved 1048576K
GC Heap History (20 events):
Event: 73.343 GC heap after
{Heap after GC invocations=75 (full 0):
 garbage-first heap   total 252928K, used 150266K [0x0000000080000000, 0x0000000100000000)
  region size 1024K, 2 young (2048K), 2 survivors (2048K)
 Metaspace       used 122911K, committed 123904K, reserved 1179648K
  class space    used 16751K, committed 17280K, reserved 1048576K
}
Event: 97.877 GC heap before
{Heap before GC invocations=75 (full 0):
 garbage-first heap   total 252928K, used 159482K [0x0000000080000000, 0x0000000100000000)
  region size 1024K, 12 young (12288K), 2 survivors (2048K)
 Metaspace       used 124182K, committed 125184K, reserved 1179648K
  class space    used 16967K, committed 17472K, reserved 1048576K
}
Event: 98.967 GC heap after
{Heap after GC invocations=76 (full 0):
 garbage-first heap   total 252928K, used 145474K [0x0000000080000000, 0x0000000100000000)
  region size 1024K, 1 young (1024K), 1 survivors (1024K)
 Metaspace       used 124182K, committed 125184K, reserved 1179648K
  class space    used 16967K, committed 17472K, reserved 1048576K
}
Event: 102.409 GC heap before
{Heap before GC invocations=76 (full 0):
 garbage-first heap   total 252928K, used 155714K [0x0000000080000000, 0x0000000100000000)
  region size 1024K, 12 young (12288K), 1 survivors (1024K)
 Metaspace       used 124345K, committed 125376K, reserved 1179648K
  class space    used 16999K, committed 17536K, reserved 1048576K
}
Event: 102.417 GC heap after
{Heap after GC invocations=77 (full 0):
 garbage-first heap   total 304128K, used 148121K [0x0000000080000000, 0x0000000100000000)
  region size 1024K, 2 young (2048K), 2 survivors (2048K)
 Metaspace       used 124345K, committed 125376K, reserved 1179648K
  class space    used 16999K, committed 17536K, reserved 1048576K
}
Event: 102.799 GC heap before
{Heap before GC invocations=78 (full 0):
 garbage-first heap   total 304128K, used 159385K [0x0000000080000000, 0x0000000100000000)
  region size 1024K, 14 young (14336K), 2 survivors (2048K)
 Metaspace       used 124349K, committed 125376K, reserved 1179648K
  class space    used 17000K, committed 17536K, reserved 1048576K
}
Event: 102.808 GC heap after
{Heap after GC invocations=79 (full 0):
 garbage-first heap   total 304128K, used 149483K [0x0000000080000000, 0x0000000100000000)
  region size 1024K, 2 young (2048K), 2 survivors (2048K)
 Metaspace       used 124349K, committed 125376K, reserved 1179648K
  class space    used 17000K, committed 17536K, reserved 1048576K
}
Event: 102.983 GC heap before
{Heap before GC invocations=79 (full 0):
 garbage-first heap   total 304128K, used 160747K [0x0000000080000000, 0x0000000100000000)
  region size 1024K, 14 young (14336K), 2 survivors (2048K)
 Metaspace       used 124358K, committed 125376K, reserved 1179648K
  class space    used 17000K, committed 17536K, reserved 1048576K
}
Event: 103.000 GC heap after
{Heap after GC invocations=80 (full 0):
 garbage-first heap   total 304128K, used 147341K [0x0000000080000000, 0x0000000100000000)
  region size 1024K, 2 young (2048K), 2 survivors (2048K)
 Metaspace       used 124358K, committed 125376K, reserved 1179648K
  class space    used 17000K, committed 17536K, reserved 1048576K
}
Event: 103.168 GC heap before
{Heap before GC invocations=80 (full 0):
 garbage-first heap   total 304128K, used 158605K [0x0000000080000000, 0x0000000100000000)
  region size 1024K, 14 young (14336K), 2 survivors (2048K)
 Metaspace       used 124372K, committed 125376K, reserved 1179648K
  class space    used 17001K, committed 17536K, reserved 1048576K
}
Event: 103.182 GC heap after
{Heap after GC invocations=81 (full 0):
 garbage-first heap   total 304128K, used 148496K [0x0000000080000000, 0x0000000100000000)
  region size 1024K, 2 young (2048K), 2 survivors (2048K)
 Metaspace       used 124372K, committed 125376K, reserved 1179648K
  class space    used 17001K, committed 17536K, reserved 1048576K
}
Event: 110.740 GC heap before
{Heap before GC invocations=81 (full 0):
 garbage-first heap   total 304128K, used 179216K [0x0000000080000000, 0x0000000100000000)
  region size 1024K, 33 young (33792K), 2 survivors (2048K)
 Metaspace       used 124393K, committed 125440K, reserved 1179648K
  class space    used 17001K, committed 17536K, reserved 1048576K
}
Event: 110.744 GC heap after
{Heap after GC invocations=82 (full 0):
 garbage-first heap   total 304128K, used 149474K [0x0000000080000000, 0x0000000100000000)
  region size 1024K, 3 young (3072K), 3 survivors (3072K)
 Metaspace       used 124393K, committed 125440K, reserved 1179648K
  class space    used 17001K, committed 17536K, reserved 1048576K
}
Event: 147.001 GC heap before
{Heap before GC invocations=82 (full 0):
 garbage-first heap   total 304128K, used 195554K [0x0000000080000000, 0x0000000100000000)
  region size 1024K, 48 young (49152K), 3 survivors (3072K)
 Metaspace       used 124470K, committed 125568K, reserved 1179648K
  class space    used 17006K, committed 17536K, reserved 1048576K
}
Event: 147.006 GC heap after
{Heap after GC invocations=83 (full 0):
 garbage-first heap   total 304128K, used 149766K [0x0000000080000000, 0x0000000100000000)
  region size 1024K, 4 young (4096K), 4 survivors (4096K)
 Metaspace       used 124470K, committed 125568K, reserved 1179648K
  class space    used 17006K, committed 17536K, reserved 1048576K
}
Event: 148.124 GC heap before
{Heap before GC invocations=83 (full 0):
 garbage-first heap   total 304128K, used 229638K [0x0000000080000000, 0x0000000100000000)
  region size 1024K, 83 young (84992K), 4 survivors (4096K)
 Metaspace       used 124607K, committed 125696K, reserved 1179648K
  class space    used 17023K, committed 17536K, reserved 1048576K
}
Event: 148.137 GC heap after
{Heap after GC invocations=84 (full 0):
 garbage-first heap   total 304128K, used 155209K [0x0000000080000000, 0x0000000100000000)
  region size 1024K, 9 young (9216K), 9 survivors (9216K)
 Metaspace       used 124607K, committed 125696K, reserved 1179648K
  class space    used 17023K, committed 17536K, reserved 1048576K
}
Event: 148.676 GC heap before
{Heap before GC invocations=84 (full 0):
 garbage-first heap   total 304128K, used 194121K [0x0000000080000000, 0x0000000100000000)
  region size 1024K, 46 young (47104K), 9 survivors (9216K)
 Metaspace       used 125312K, committed 126400K, reserved 1179648K
  class space    used 17134K, committed 17664K, reserved 1048576K
}
Event: 148.710 GC heap after
{Heap after GC invocations=85 (full 0):
 garbage-first heap   total 304128K, used 158841K [0x0000000080000000, 0x0000000100000000)
  region size 1024K, 4 young (4096K), 4 survivors (4096K)
 Metaspace       used 125312K, committed 126400K, reserved 1179648K
  class space    used 17134K, committed 17664K, reserved 1048576K
}
Event: 149.426 GC heap before
{Heap before GC invocations=85 (full 0):
 garbage-first heap   total 304128K, used 233593K [0x0000000080000000, 0x0000000100000000)
  region size 1024K, 78 young (79872K), 4 survivors (4096K)
 Metaspace       used 130111K, committed 131200K, reserved 1179648K
  class space    used 17825K, committed 18432K, reserved 1048576K
}

