# JRE version: OpenJDK Runtime Environment (17.0.11) (build 17.0.11+0--11852314)
# Java VM: OpenJDK 64-Bit Server VM (17.0.11+0--11852314, mixed mode, tiered, compressed oops, compressed class ptrs, g1 gc, windows-amd64)
GC Precious Log:
 CPUs: 4 total, 4 available
 Memory: 3986M
 Large Page Support: Disabled
 NUMA Support: Disabled
 Compressed Oops: Enabled (32-bit)
 Heap Region Size: 1M
 Heap Min Capacity: 8M
 Heap Initial Capacity: 64M
 Heap Max Capacity: 2G
 Pre-touch: Disabled
 Parallel Workers: 4
 Concurrent Workers: 1
 Concurrent Refinement Workers: 4
 Periodic GC: Disabled
Heap:
 garbage-first heap   total 478208K, used 295498K [0x0000000080000000, 0x0000000100000000)
  region size 1024K, 3 young (3072K), 3 survivors (3072K)
 Metaspace       used 166976K, committed 168704K, reserved 1245184K
  class space    used 21481K, committed 22336K, reserved 1048576K
GC Heap History (20 events):
Event: 6649.203 GC heap after
{Heap after GC invocations=103 (full 1):
 garbage-first heap   total 478208K, used 237130K [0x0000000080000000, 0x0000000100000000)
  region size 1024K, 6 young (6144K), 6 survivors (6144K)
 Metaspace       used 164583K, committed 166336K, reserved 1245184K
  class space    used 21302K, committed 22144K, reserved 1048576K
}
Event: 6649.272 GC heap before
{Heap before GC invocations=103 (full 1):
 garbage-first heap   total 478208K, used 254538K [0x0000000080000000, 0x0000000100000000)
  region size 1024K, 23 young (23552K), 6 survivors (6144K)
 Metaspace       used 164583K, committed 166336K, reserved 1245184K
  class space    used 21302K, committed 22144K, reserved 1048576K
}
Event: 6649.325 GC heap after
{Heap after GC invocations=104 (full 1):
 garbage-first heap   total 478208K, used 244298K [0x0000000080000000, 0x0000000100000000)
  region size 1024K, 3 young (3072K), 3 survivors (3072K)
 Metaspace       used 164583K, committed 166336K, reserved 1245184K
  class space    used 21302K, committed 22144K, reserved 1048576K
}
Event: 6650.305 GC heap before
{Heap before GC invocations=104 (full 1):
 garbage-first heap   total 478208K, used 265802K [0x0000000080000000, 0x0000000100000000)
  region size 1024K, 23 young (23552K), 3 survivors (3072K)
 Metaspace       used 164590K, committed 166336K, reserved 1245184K
  class space    used 21303K, committed 22144K, reserved 1048576K
}
Event: 6650.333 GC heap after
{Heap after GC invocations=105 (full 1):
 garbage-first heap   total 478208K, used 246335K [0x0000000080000000, 0x0000000100000000)
  region size 1024K, 1 young (1024K), 1 survivors (1024K)
 Metaspace       used 164590K, committed 166336K, reserved 1245184K
  class space    used 21303K, committed 22144K, reserved 1048576K
}
Event: 6651.422 GC heap before
{Heap before GC invocations=105 (full 1):
 garbage-first heap   total 478208K, used 273983K [0x0000000080000000, 0x0000000100000000)
  region size 1024K, 23 young (23552K), 1 survivors (1024K)
 Metaspace       used 164676K, committed 166400K, reserved 1245184K
  class space    used 21316K, committed 22144K, reserved 1048576K
}
Event: 6651.451 GC heap after
{Heap after GC invocations=106 (full 1):
 garbage-first heap   total 478208K, used 252432K [0x0000000080000000, 0x0000000100000000)
  region size 1024K, 3 young (3072K), 3 survivors (3072K)
 Metaspace       used 164676K, committed 166400K, reserved 1245184K
  class space    used 21316K, committed 22144K, reserved 1048576K
}
Event: 6651.956 GC heap before
{Heap before GC invocations=106 (full 1):
 garbage-first heap   total 478208K, used 282128K [0x0000000080000000, 0x0000000100000000)
  region size 1024K, 28 young (28672K), 3 survivors (3072K)
 Metaspace       used 164676K, committed 166400K, reserved 1245184K
  class space    used 21316K, committed 22144K, reserved 1048576K
}
Event: 6651.987 GC heap after
{Heap after GC invocations=107 (full 1):
 garbage-first heap   total 478208K, used 264428K [0x0000000080000000, 0x0000000100000000)
  region size 1024K, 4 young (4096K), 4 survivors (4096K)
 Metaspace       used 164676K, committed 166400K, reserved 1245184K
  class space    used 21316K, committed 22144K, reserved 1048576K
}
Event: 6654.008 GC heap before
{Heap before GC invocations=107 (full 1):
 garbage-first heap   total 478208K, used 302316K [0x0000000080000000, 0x0000000100000000)
  region size 1024K, 40 young (40960K), 4 survivors (4096K)
 Metaspace       used 166868K, committed 168576K, reserved 1245184K
  class space    used 21473K, committed 22272K, reserved 1048576K
}
Event: 6654.037 GC heap after
{Heap after GC invocations=108 (full 1):
 garbage-first heap   total 478208K, used 269793K [0x0000000080000000, 0x0000000100000000)
  region size 1024K, 5 young (5120K), 5 survivors (5120K)
 Metaspace       used 166868K, committed 168576K, reserved 1245184K
  class space    used 21473K, committed 22272K, reserved 1048576K
}
Event: 6684.141 GC heap before
{Heap before GC invocations=108 (full 1):
 garbage-first heap   total 478208K, used 324065K [0x0000000080000000, 0x0000000100000000)
  region size 1024K, 59 young (60416K), 5 survivors (5120K)
 Metaspace       used 166926K, committed 168704K, reserved 1245184K
  class space    used 21480K, committed 22336K, reserved 1048576K
}
Event: 6684.331 GC heap after
{Heap after GC invocations=109 (full 1):
 garbage-first heap   total 478208K, used 270597K [0x0000000080000000, 0x0000000100000000)
  region size 1024K, 1 young (1024K), 1 survivors (1024K)
 Metaspace       used 166926K, committed 168704K, reserved 1245184K
  class space    used 21480K, committed 22336K, reserved 1048576K
}
Event: 6687.225 GC heap before
{Heap before GC invocations=109 (full 1):
 garbage-first heap   total 478208K, used 310533K [0x0000000080000000, 0x0000000100000000)
  region size 1024K, 41 young (41984K), 1 survivors (1024K)
 Metaspace       used 166955K, committed 168704K, reserved 1245184K
  class space    used 21480K, committed 22336K, reserved 1048576K
}
Event: 6687.241 GC heap after
{Heap after GC invocations=110 (full 1):
 garbage-first heap   total 478208K, used 273690K [0x0000000080000000, 0x0000000100000000)
  region size 1024K, 4 young (4096K), 4 survivors (4096K)
 Metaspace       used 166955K, committed 168704K, reserved 1245184K
  class space    used 21480K, committed 22336K, reserved 1048576K
}
Event: 6688.127 GC heap before
{Heap before GC invocations=110 (full 1):
 garbage-first heap   total 478208K, used 330010K [0x0000000080000000, 0x0000000100000000)
  region size 1024K, 60 young (61440K), 4 survivors (4096K)
 Metaspace       used 166967K, committed 168704K, reserved 1245184K
  class space    used 21481K, committed 22336K, reserved 1048576K
}
Event: 6688.204 GC heap after
{Heap after GC invocations=111 (full 1):
 garbage-first heap   total 478208K, used 281422K [0x0000000080000000, 0x0000000100000000)
  region size 1024K, 8 young (8192K), 8 survivors (8192K)
 Metaspace       used 166967K, committed 168704K, reserved 1245184K
  class space    used 21481K, committed 22336K, reserved 1048576K
}
Event: 6689.274 GC heap before
{Heap before GC invocations=111 (full 1):
 garbage-first heap   total 478208K, used 336718K [0x0000000080000000, 0x0000000100000000)
  region size 1024K, 62 young (63488K), 8 survivors (8192K)
 Metaspace       used 166976K, committed 168704K, reserved 1245184K
  class space    used 21481K, committed 22336K, reserved 1048576K
}
Event: 6690.976 GC heap after
{Heap after GC invocations=112 (full 1):
 garbage-first heap   total 478208K, used 291402K [0x0000000080000000, 0x0000000100000000)
  region size 1024K, 8 young (8192K), 8 survivors (8192K)
 Metaspace       used 166976K, committed 168704K, reserved 1245184K
  class space    used 21481K, committed 22336K, reserved 1048576K
}
Event: 6691.240 GC heap before
{Heap before GC invocations=112 (full 1):
 garbage-first heap   total 478208K, used 306762K [0x0000000080000000, 0x0000000100000000)
  region size 1024K, 23 young (23552K), 8 survivors (8192K)
 Metaspace       used 166976K, committed 168704K, reserved 1245184K
  class space    used 21481K, committed 22336K, reserved 1048576K
}

